<?xml version="1.0" encoding="UTF-8"?>
<!-- Generated by org.testng.reporters.JUnitXMLReporter -->
<testsuite ignored="0" hostname="DESKTOP-CL7U2LF" failures="0" tests="3" name="Default test" time="82.57" errors="0" timestamp="2022-12-11T22:11:04 IST">
  <testcase classname="com.amazon.qa.TestCases.LoginPageTest" name="getLoginDetails" time="9.31"/>
  <testcase classname="com.amazon.qa.TestCases.LoginPageTest" name="getLoginPageTitle" time="0.119"/>
  <testcase classname="com.amazon.qa.TestCases.LoginPageTest" name="amzLogoTest" time="0.37"/>
</testsuite> <!-- Default test -->
