<?xml version="1.0" encoding="UTF-8"?>
<!-- Generated by org.testng.reporters.JUnitXMLReporter -->
<testsuite hostname="DESKTOP-CL7U2LF" ignored="0" name="Default test" tests="3" failures="0" timestamp="2022-02-01T22:37:41 IST" time="110.788" errors="0">
  <testcase name="loginPageTitleTest" time="0.996" classname="com.amazon.qa.TestCases.LoginPageTest"/>
  <testcase name="amzLogoTest" time="1.62" classname="com.amazon.qa.TestCases.LoginPageTest"/>
  <testcase name="logInTest" time="7.915" classname="com.amazon.qa.TestCases.LoginPageTest"/>
</testsuite> <!-- Default test -->
