<?xml version="1.0" encoding="UTF-8"?>
<!-- Generated by org.testng.reporters.JUnitXMLReporter -->
<testsuite hostname="DESKTOP-CL7U2LF" ignored="0" name="Test" tests="3" failures="0" timestamp="2022-01-30T22:23:25 IST" time="101.731" errors="0">
  <testcase name="loginPageTitleTest" time="0.189" classname="com.amazon.qa.TestCases.LoginPageTest"/>
  <testcase name="amzLogoTest" time="1.838" classname="com.amazon.qa.TestCases.LoginPageTest"/>
  <testcase name="logInTest" time="5.749" classname="com.amazon.qa.TestCases.LoginPageTest"/>
</testsuite> <!-- Test -->
