<?xml version="1.0" encoding="UTF-8"?>
<testng-results skipped="0" failed="0" ignored="0" total="3" passed="3">
  <reporter-output>
  </reporter-output>
  <suite name="Default suite" duration-ms="110788" started-at="2022-02-01T22:35:50 IST" finished-at="2022-02-01T22:37:41 IST">
    <groups>
    </groups>
    <test name="Default test" duration-ms="110788" started-at="2022-02-01T22:35:50 IST" finished-at="2022-02-01T22:37:41 IST">
      <class name="com.amazon.qa.TestCases.LoginPageTest">
        <test-method status="PASS" signature="setUp()[pri:0, instance:com.amazon.qa.TestCases.LoginPageTest@7276c8cd]" name="setUp" is-config="true" duration-ms="62564" started-at="2022-02-01T22:35:50 IST" finished-at="2022-02-01T22:36:53 IST">
          <reporter-output>
          </reporter-output>
        </test-method> <!-- setUp -->
        <test-method status="PASS" signature="loginPageTitleTest()[pri:1, instance:com.amazon.qa.TestCases.LoginPageTest@7276c8cd]" name="loginPageTitleTest" duration-ms="996" started-at="2022-02-01T22:36:53 IST" finished-at="2022-02-01T22:36:54 IST">
          <reporter-output>
          </reporter-output>
        </test-method> <!-- loginPageTitleTest -->
        <test-method status="PASS" signature="tearDown()[pri:0, instance:com.amazon.qa.TestCases.LoginPageTest@7276c8cd]" name="tearDown" is-config="true" duration-ms="2596" started-at="2022-02-01T22:36:54 IST" finished-at="2022-02-01T22:36:56 IST">
          <reporter-output>
          </reporter-output>
        </test-method> <!-- tearDown -->
        <test-method status="PASS" signature="setUp()[pri:0, instance:com.amazon.qa.TestCases.LoginPageTest@7276c8cd]" name="setUp" is-config="true" duration-ms="16047" started-at="2022-02-01T22:36:56 IST" finished-at="2022-02-01T22:37:12 IST">
          <reporter-output>
          </reporter-output>
        </test-method> <!-- setUp -->
        <test-method status="PASS" signature="amzLogoTest()[pri:2, instance:com.amazon.qa.TestCases.LoginPageTest@7276c8cd]" name="amzLogoTest" duration-ms="1620" started-at="2022-02-01T22:37:12 IST" finished-at="2022-02-01T22:37:14 IST">
          <reporter-output>
          </reporter-output>
        </test-method> <!-- amzLogoTest -->
        <test-method status="PASS" signature="tearDown()[pri:0, instance:com.amazon.qa.TestCases.LoginPageTest@7276c8cd]" name="tearDown" is-config="true" duration-ms="1132" started-at="2022-02-01T22:37:14 IST" finished-at="2022-02-01T22:37:15 IST">
          <reporter-output>
          </reporter-output>
        </test-method> <!-- tearDown -->
        <test-method status="PASS" signature="setUp()[pri:0, instance:com.amazon.qa.TestCases.LoginPageTest@7276c8cd]" name="setUp" is-config="true" duration-ms="15871" started-at="2022-02-01T22:37:15 IST" finished-at="2022-02-01T22:37:31 IST">
          <reporter-output>
          </reporter-output>
        </test-method> <!-- setUp -->
        <test-method status="PASS" signature="logInTest()[pri:3, instance:com.amazon.qa.TestCases.LoginPageTest@7276c8cd]" name="logInTest" duration-ms="7915" started-at="2022-02-01T22:37:31 IST" finished-at="2022-02-01T22:37:39 IST">
          <reporter-output>
          </reporter-output>
        </test-method> <!-- logInTest -->
        <test-method status="PASS" signature="tearDown()[pri:0, instance:com.amazon.qa.TestCases.LoginPageTest@7276c8cd]" name="tearDown" is-config="true" duration-ms="1913" started-at="2022-02-01T22:37:39 IST" finished-at="2022-02-01T22:37:41 IST">
          <reporter-output>
          </reporter-output>
        </test-method> <!-- tearDown -->
      </class> <!-- com.amazon.qa.TestCases.LoginPageTest -->
    </test> <!-- Default test -->
  </suite> <!-- Default suite -->
</testng-results>
