<?xml version="1.0" encoding="UTF-8"?>
<testng-results ignored="0" total="3" passed="3" failed="0" skipped="0">
  <reporter-output>
  </reporter-output>
  <suite started-at="2022-12-11T22:09:40 IST" name="Default suite" finished-at="2022-12-11T22:11:03 IST" duration-ms="82570">
    <groups>
    </groups>
    <test started-at="2022-12-11T22:09:40 IST" name="Default test" finished-at="2022-12-11T22:11:03 IST" duration-ms="82570">
      <class name="com.amazon.qa.TestCases.LoginPageTest">
        <test-method is-config="true" signature="setUp()[pri:0, instance:com.amazon.qa.TestCases.LoginPageTest@6379eb]" started-at="2022-12-11T22:09:40 IST" name="setUp" finished-at="2022-12-11T22:10:26 IST" duration-ms="45440" status="PASS">
          <reporter-output>
          </reporter-output>
        </test-method> <!-- setUp -->
        <test-method signature="getLoginDetails()[pri:0, instance:com.amazon.qa.TestCases.LoginPageTest@6379eb]" started-at="2022-12-11T22:10:26 IST" name="getLoginDetails" finished-at="2022-12-11T22:10:35 IST" duration-ms="9310" status="PASS">
          <reporter-output>
          </reporter-output>
        </test-method> <!-- getLoginDetails -->
        <test-method is-config="true" signature="tearDown()[pri:0, instance:com.amazon.qa.TestCases.LoginPageTest@6379eb]" started-at="2022-12-11T22:10:35 IST" name="tearDown" finished-at="2022-12-11T22:10:37 IST" duration-ms="1809" status="PASS">
          <reporter-output>
          </reporter-output>
        </test-method> <!-- tearDown -->
        <test-method is-config="true" signature="setUp()[pri:0, instance:com.amazon.qa.TestCases.LoginPageTest@6379eb]" started-at="2022-12-11T22:10:37 IST" name="setUp" finished-at="2022-12-11T22:10:47 IST" duration-ms="10345" status="PASS">
          <reporter-output>
          </reporter-output>
        </test-method> <!-- setUp -->
        <test-method signature="getLoginPageTitle()[pri:1, instance:com.amazon.qa.TestCases.LoginPageTest@6379eb]" started-at="2022-12-11T22:10:47 IST" name="getLoginPageTitle" finished-at="2022-12-11T22:10:47 IST" duration-ms="119" status="PASS">
          <reporter-output>
          </reporter-output>
        </test-method> <!-- getLoginPageTitle -->
        <test-method is-config="true" signature="tearDown()[pri:0, instance:com.amazon.qa.TestCases.LoginPageTest@6379eb]" started-at="2022-12-11T22:10:47 IST" name="tearDown" finished-at="2022-12-11T22:10:49 IST" duration-ms="1233" status="PASS">
          <reporter-output>
          </reporter-output>
        </test-method> <!-- tearDown -->
        <test-method is-config="true" signature="setUp()[pri:0, instance:com.amazon.qa.TestCases.LoginPageTest@6379eb]" started-at="2022-12-11T22:10:49 IST" name="setUp" finished-at="2022-12-11T22:11:01 IST" duration-ms="12692" status="PASS">
          <reporter-output>
          </reporter-output>
        </test-method> <!-- setUp -->
        <test-method signature="amzLogoTest()[pri:2, instance:com.amazon.qa.TestCases.LoginPageTest@6379eb]" started-at="2022-12-11T22:11:01 IST" name="amzLogoTest" finished-at="2022-12-11T22:11:02 IST" duration-ms="370" status="PASS">
          <reporter-output>
          </reporter-output>
        </test-method> <!-- amzLogoTest -->
        <test-method is-config="true" signature="tearDown()[pri:0, instance:com.amazon.qa.TestCases.LoginPageTest@6379eb]" started-at="2022-12-11T22:11:02 IST" name="tearDown" finished-at="2022-12-11T22:11:03 IST" duration-ms="975" status="PASS">
          <reporter-output>
          </reporter-output>
        </test-method> <!-- tearDown -->
      </class> <!-- com.amazon.qa.TestCases.LoginPageTest -->
    </test> <!-- Default test -->
  </suite> <!-- Default suite -->
</testng-results>
